<?xml version="1.0" encoding="UTF-8"?>
<!-- Generated by org.testng.reporters.JUnitReportReporter -->
<testsuite skipped="5" hostname="DESKTOP-UA1PGAG" name="com.Cast.Vtiger.Combine" tests="6" failures="0" timestamp="10 Mar 2021 04:57:07 GMT" time="0.016" errors="1">
  <testcase name="configBC" time="0.000" classname="com.Cast.Vtiger.Combine">
    <error type="org.testng.TestNGException" message="
Parameter &#039;brosweName&#039; is required by @Configuration on method configBC but has not been marked @Optional or defined
in C:\Users\USER\learningtesting\Vtiger_Framework\testng.xml">
      <![CDATA[org.testng.TestNGException: 
Parameter 'brosweName' is required by @Configuration on method configBC but has not been marked @Optional or defined
in C:\Users\USER\learningtesting\Vtiger_Framework\testng.xml
	at org.testng.internal.Parameters.createParameters(Parameters.java:156)
	at org.testng.internal.Parameters.createParameters(Parameters.java:370)
	at org.testng.internal.Parameters.createConfigurationParameters(Parameters.java:86)
	at org.testng.internal.Invoker.invokeConfigurations(Invoker.java:202)
	at org.testng.internal.Invoker.invokeConfigurations(Invoker.java:143)
	at org.testng.internal.TestMethodWorker.invokeBeforeClassMethods(TestMethodWorker.java:169)
	at org.testng.internal.TestMethodWorker.run(TestMethodWorker.java:108)
	at org.testng.TestRunner.privateRun(TestRunner.java:753)
	at org.testng.TestRunner.run(TestRunner.java:607)
	at org.testng.SuiteRunner.runTest(SuiteRunner.java:368)
	at org.testng.SuiteRunner.runSequentially(SuiteRunner.java:363)
	at org.testng.SuiteRunner.privateRun(SuiteRunner.java:321)
	at org.testng.SuiteRunner.run(SuiteRunner.java:270)
	at org.testng.SuiteRunnerWorker.runSuite(SuiteRunnerWorker.java:52)
	at org.testng.SuiteRunnerWorker.run(SuiteRunnerWorker.java:86)
	at org.testng.TestNG.runSuitesSequentially(TestNG.java:1284)
	at org.testng.TestNG.runSuitesLocally(TestNG.java:1209)
	at org.testng.TestNG.runSuites(TestNG.java:1124)
	at org.testng.TestNG.run(TestNG.java:1096)
	at org.testng.remote.AbstractRemoteTestNG.run(AbstractRemoteTestNG.java:132)
	at org.testng.remote.RemoteTestNG.initAndRun(RemoteTestNG.java:236)
	at org.testng.remote.RemoteTestNG.main(RemoteTestNG.java:81)
]]>
    </error>
  </testcase> <!-- configBC -->
  <testcase name="createOpportunityWithContact2" time="0.000" classname="com.Cast.Vtiger.Combine">
    <skipped/>
  </testcase> <!-- createOpportunityWithContact2 -->
  <testcase name="createOpportunityWithContact3" time="0.000" classname="com.Cast.Vtiger.Combine">
    <skipped/>
  </testcase> <!-- createOpportunityWithContact3 -->
  <testcase name="createOpportunityWithContact1" time="0.016" classname="com.Cast.Vtiger.Combine">
    <skipped/>
  </testcase> <!-- createOpportunityWithContact1 -->
  <testcase name="createOpportunityWithContact5" time="0.000" classname="com.Cast.Vtiger.Combine">
    <skipped/>
  </testcase> <!-- createOpportunityWithContact5 -->
  <testcase name="createOpportunityWithContact4" time="0.000" classname="com.Cast.Vtiger.Combine">
    <skipped/>
  </testcase> <!-- createOpportunityWithContact4 -->
</testsuite> <!-- com.Cast.Vtiger.Combine -->
