<?xml version="1.0" encoding="UTF-8"?>
<!-- Generated by org.testng.reporters.JUnitReportReporter -->
<testsuite hostname="LAPTOP-U3C8G3RJ" failures="0" tests="1" name="com.sdet.practice.CreateOrganizationByExcelData" time="2.732" errors="1" timestamp="2021-03-04T21:22:15 IST" skipped="0">
  <testcase classname="com.sdet.practice.CreateOrganizationByExcelData" name="createorganizationWithcontact" time="2.732">
    <error message="session not created: This version of ChromeDriver only supports Chrome version 87
Current browser version is 89.0.4389.72 with binary path C:\Program Files\Google\Chrome\Application\chrome.exe
Build info: version: &#039;3.141.5&#039;, revision: &#039;d54ebd709a&#039;, time: &#039;2018-11-06T11:42:16&#039;
System info: host: &#039;LAPTOP-U3C8G3RJ&#039;, ip: &#039;192.168.0.20&#039;, os.name: &#039;Windows 10&#039;, os.arch: &#039;amd64&#039;, os.version: &#039;10.0&#039;, java.version: &#039;14.0.2&#039;
Driver info: driver.version: ChromeDriver
remote stacktrace: Backtrace:
	Ordinal0 [0x00C8C0C3+3326147]
	Ordinal0 [0x00B70851+2164817]
	Ordinal0 [0x009F7298+619160]
	Ordinal0 [0x00971D92+73106]
	Ordinal0 [0x0096E119+57625]
	Ordinal0 [0x0096C38A+50058]
	Ordinal0 [0x00995F3E+220990]
	Ordinal0 [0x00995CAC+220332]
	Ordinal0 [0x0099189B+202907]
	Ordinal0 [0x00973DF4+81396]
	Ordinal0 [0x00974DEE+85486]
	Ordinal0 [0x00974D79+85369]
	Ordinal0 [0x00B885DC+2262492]
	GetHandleVerifier [0x00E12874+1487204]
	GetHandleVerifier [0x00E123CD+1486013]
	GetHandleVerifier [0x00E1A368+1518680]
	GetHandleVerifier [0x00E12F4E+1488958]
	Ordinal0 [0x00B7ED0D+2223373]
	Ordinal0 [0x00B8A12B+2269483]
	Ordinal0 [0x00B8A26F+2269807]
	Ordinal0 [0x00B9ECB8+2354360]
	BaseThreadInitThunk [0x7551FA29+25]
	RtlGetAppContainerNamedObjectPath [0x770576B4+228]
	RtlGetAppContainerNamedObjectPath [0x77057684+180]
" type="org.openqa.selenium.SessionNotCreatedException">
      <![CDATA[org.openqa.selenium.SessionNotCreatedException: session not created: This version of ChromeDriver only supports Chrome version 87
Current browser version is 89.0.4389.72 with binary path C:\Program Files\Google\Chrome\Application\chrome.exe
Build info: version: '3.141.5', revision: 'd54ebd709a', time: '2018-11-06T11:42:16'
System info: host: 'LAPTOP-U3C8G3RJ', ip: '192.168.0.20', os.name: 'Windows 10', os.arch: 'amd64', os.version: '10.0', java.version: '14.0.2'
Driver info: driver.version: ChromeDriver
remote stacktrace: Backtrace:
Ordinal0 [0x00C8C0C3+3326147]
Ordinal0 [0x00B70851+2164817]
Ordinal0 [0x009F7298+619160]
Ordinal0 [0x00971D92+73106]
Ordinal0 [0x0096E119+57625]
Ordinal0 [0x0096C38A+50058]
Ordinal0 [0x00995F3E+220990]
Ordinal0 [0x00995CAC+220332]
Ordinal0 [0x0099189B+202907]
Ordinal0 [0x00973DF4+81396]
Ordinal0 [0x00974DEE+85486]
Ordinal0 [0x00974D79+85369]
Ordinal0 [0x00B885DC+2262492]
GetHandleVerifier [0x00E12874+1487204]
GetHandleVerifier [0x00E123CD+1486013]
GetHandleVerifier [0x00E1A368+1518680]
GetHandleVerifier [0x00E12F4E+1488958]
Ordinal0 [0x00B7ED0D+2223373]
Ordinal0 [0x00B8A12B+2269483]
Ordinal0 [0x00B8A26F+2269807]
Ordinal0 [0x00B9ECB8+2354360]
BaseThreadInitThunk [0x7551FA29+25]
RtlGetAppContainerNamedObjectPath [0x770576B4+228]
RtlGetAppContainerNamedObjectPath [0x77057684+180]

at java.base/jdk.internal.reflect.NativeConstructorAccessorImpl.newInstance0(Native Method)
at java.base/jdk.internal.reflect.NativeConstructorAccessorImpl.newInstance(NativeConstructorAccessorImpl.java:62)
at java.base/jdk.internal.reflect.DelegatingConstructorAccessorImpl.newInstance(DelegatingConstructorAccessorImpl.java:45)
at java.base/java.lang.reflect.Constructor.newInstanceWithCaller(Constructor.java:500)
at java.base/java.lang.reflect.Constructor.newInstance(Constructor.java:481)
at org.openqa.selenium.remote.W3CHandshakeResponse.lambda$errorHandler$0(W3CHandshakeResponse.java:62)
at org.openqa.selenium.remote.HandshakeResponse.lambda$getResponseFunction$0(HandshakeResponse.java:30)
at org.openqa.selenium.remote.ProtocolHandshake.lambda$createSession$0(ProtocolHandshake.java:123)
at java.base/java.util.stream.ReferencePipeline$3$1.accept(ReferencePipeline.java:195)
at java.base/java.util.Spliterators$ArraySpliterator.tryAdvance(Spliterators.java:958)
at java.base/java.util.stream.ReferencePipeline.forEachWithCancel(ReferencePipeline.java:127)
at java.base/java.util.stream.AbstractPipeline.copyIntoWithCancel(AbstractPipeline.java:502)
at java.base/java.util.stream.AbstractPipeline.copyInto(AbstractPipeline.java:488)
at java.base/java.util.stream.AbstractPipeline.wrapAndCopyInto(AbstractPipeline.java:474)
at java.base/java.util.stream.FindOps$FindOp.evaluateSequential(FindOps.java:150)
at java.base/java.util.stream.AbstractPipeline.evaluate(AbstractPipeline.java:234)
at java.base/java.util.stream.ReferencePipeline.findFirst(ReferencePipeline.java:543)
at org.openqa.selenium.remote.ProtocolHandshake.createSession(ProtocolHandshake.java:125)
at org.openqa.selenium.remote.ProtocolHandshake.createSession(ProtocolHandshake.java:74)
at org.openqa.selenium.remote.HttpCommandExecutor.execute(HttpCommandExecutor.java:136)
at org.openqa.selenium.remote.service.DriverCommandExecutor.execute(DriverCommandExecutor.java:83)
at org.openqa.selenium.remote.RemoteWebDriver.execute(RemoteWebDriver.java:552)
at org.openqa.selenium.remote.RemoteWebDriver.startSession(RemoteWebDriver.java:213)
at org.openqa.selenium.remote.RemoteWebDriver.<init>(RemoteWebDriver.java:131)
at org.openqa.selenium.chrome.ChromeDriver.<init>(ChromeDriver.java:181)
at org.openqa.selenium.chrome.ChromeDriver.<init>(ChromeDriver.java:168)
at org.openqa.selenium.chrome.ChromeDriver.<init>(ChromeDriver.java:123)
at com.sdet.practice.CreateOrganizationByExcelData.createorganizationWithcontact(CreateOrganizationByExcelData.java:41)
at java.base/jdk.internal.reflect.NativeMethodAccessorImpl.invoke0(Native Method)
at java.base/jdk.internal.reflect.NativeMethodAccessorImpl.invoke(NativeMethodAccessorImpl.java:62)
at java.base/jdk.internal.reflect.DelegatingMethodAccessorImpl.invoke(DelegatingMethodAccessorImpl.java:43)
at java.base/java.lang.reflect.Method.invoke(Method.java:564)
at org.testng.internal.MethodInvocationHelper.invokeMethod(MethodInvocationHelper.java:132)
at org.testng.internal.TestInvoker.invokeMethod(TestInvoker.java:599)
at org.testng.internal.TestInvoker.invokeTestMethod(TestInvoker.java:174)
at org.testng.internal.MethodRunner.runInSequence(MethodRunner.java:46)
at org.testng.internal.TestInvoker$MethodInvocationAgent.invoke(TestInvoker.java:822)
at org.testng.internal.TestInvoker.invokeTestMethods(TestInvoker.java:147)
at org.testng.internal.TestMethodWorker.invokeTestMethods(TestMethodWorker.java:146)
at org.testng.internal.TestMethodWorker.run(TestMethodWorker.java:128)
at java.base/java.util.ArrayList.forEach(ArrayList.java:1511)
at org.testng.TestRunner.privateRun(TestRunner.java:764)
at org.testng.TestRunner.run(TestRunner.java:585)
at org.testng.SuiteRunner.runTest(SuiteRunner.java:384)
at org.testng.SuiteRunner.runSequentially(SuiteRunner.java:378)
at org.testng.SuiteRunner.privateRun(SuiteRunner.java:337)
at org.testng.SuiteRunner.run(SuiteRunner.java:286)
at org.testng.SuiteRunnerWorker.runSuite(SuiteRunnerWorker.java:53)
at org.testng.SuiteRunnerWorker.run(SuiteRunnerWorker.java:96)
at org.testng.TestNG.runSuitesSequentially(TestNG.java:1218)
at org.testng.TestNG.runSuitesLocally(TestNG.java:1140)
at org.testng.TestNG.runSuites(TestNG.java:1069)
at org.testng.TestNG.run(TestNG.java:1037)
at org.testng.remote.AbstractRemoteTestNG.run(AbstractRemoteTestNG.java:115)
at org.testng.remote.RemoteTestNG.initAndRun(RemoteTestNG.java:251)
at org.testng.remote.RemoteTestNG.main(RemoteTestNG.java:77)
]]>
    </error>
  </testcase> <!-- createorganizationWithcontact -->
  <system-out/>
</testsuite> <!-- com.sdet.practice.CreateOrganizationByExcelData -->
